  [1m[35m (1.8ms)[0m  [1m[34mSELECT sqlite_version(*)[0m
  [1m[35m (1.1ms)[0m  [1m[35mCREATE TABLE "schema_migrations" ("version" varchar NOT NULL PRIMARY KEY)[0m
  [1m[35m (0.4ms)[0m  [1m[35mCREATE TABLE "ar_internal_metadata" ("key" varchar NOT NULL PRIMARY KEY, "value" varchar, "created_at" datetime(6) NOT NULL, "updated_at" datetime(6) NOT NULL)[0m
  [1m[35m (0.2ms)[0m  [1m[34mSELECT "schema_migrations"."version" FROM "schema_migrations" ORDER BY "schema_migrations"."version" ASC[0m
Migrating to CreateUsers (20220906003734)
  [1m[36mTRANSACTION (0.1ms)[0m  [1m[36mbegin transaction[0m
  [1m[35m (0.3ms)[0m  [1m[35mCREATE TABLE "users" ("id" integer PRIMARY KEY AUTOINCREMENT NOT NULL, "username" varchar, "name" varchar, "email" varchar, "password_digest" varchar, "birthday" varchar, "score" integer, "beer_drinker" boolean, "created_at" datetime(6) NOT NULL, "updated_at" datetime(6) NOT NULL)[0m
  [1m[36mActiveRecord::SchemaMigration Create (0.1ms)[0m  [1m[32mINSERT INTO "schema_migrations" ("version") VALUES (?)[0m  [["version", "20220906003734"]]
  [1m[36mTRANSACTION (0.3ms)[0m  [1m[36mcommit transaction[0m
  [1m[36mActiveRecord::InternalMetadata Load (1.0ms)[0m  [1m[34mSELECT "ar_internal_metadata".* FROM "ar_internal_metadata" WHERE "ar_internal_metadata"."key" = ? LIMIT ?[0m  [["key", "environment"], ["LIMIT", 1]]
  [1m[36mTRANSACTION (0.0ms)[0m  [1m[36mbegin transaction[0m
  [1m[36mActiveRecord::InternalMetadata Create (0.2ms)[0m  [1m[32mINSERT INTO "ar_internal_metadata" ("key", "value", "created_at", "updated_at") VALUES (?, ?, ?, ?)[0m  [["key", "environment"], ["value", "development"], ["created_at", "2022-09-06 00:51:29.428168"], ["updated_at", "2022-09-06 00:51:29.428168"]]
  [1m[36mTRANSACTION (0.4ms)[0m  [1m[36mcommit transaction[0m
  [1m[35m (0.0ms)[0m  [1m[34mSELECT sqlite_version(*)[0m
  [1m[35m (0.0ms)[0m  [1m[34mSELECT "schema_migrations"."version" FROM "schema_migrations" ORDER BY "schema_migrations"."version" ASC[0m
  [1m[35m (0.5ms)[0m  [1m[34mSELECT sqlite_version(*)[0m
  [1m[35m (0.1ms)[0m  [1m[34mSELECT "schema_migrations"."version" FROM "schema_migrations" ORDER BY "schema_migrations"."version" ASC[0m
  [1m[35m (0.0ms)[0m  [1m[34mSELECT sqlite_version(*)[0m
  [1m[35m (0.3ms)[0m  [1m[34mSELECT sqlite_version(*)[0m
  [1m[35m (0.1ms)[0m  [1m[34mSELECT "schema_migrations"."version" FROM "schema_migrations" ORDER BY "schema_migrations"."version" ASC[0m
  [1m[35m (0.0ms)[0m  [1m[34mSELECT sqlite_version(*)[0m
Started GET "/" for ::1 at 2022-09-05 20:51:48 -0400
  [1m[35m (0.5ms)[0m  [1m[34mSELECT sqlite_version(*)[0m
  [1m[35m (0.1ms)[0m  [1m[34mSELECT "schema_migrations"."version" FROM "schema_migrations" ORDER BY "schema_migrations"."version" ASC[0m
Processing by Rails::WelcomeController#index as HTML
  Rendering /Users/chrisbaum/.rvm/gems/ruby-2.6.1/gems/railties-6.1.6.1/lib/rails/templates/rails/welcome/index.html.erb
  Rendered /Users/chrisbaum/.rvm/gems/ruby-2.6.1/gems/railties-6.1.6.1/lib/rails/templates/rails/welcome/index.html.erb (Duration: 5.1ms | Allocations: 484)
Completed 200 OK in 29ms (Views: 7.8ms | ActiveRecord: 0.0ms | Allocations: 4200)


Started GET "/users" for ::1 at 2022-09-05 20:51:51 -0400
  
SyntaxError (/Users/chrisbaum/Flatiron/code/dad-better/dad-better-backend/app/controllers/users_controller.rb:6: syntax error, unexpected end-of-input, expecting end):
  
app/controllers/users_controller.rb:6: syntax error, unexpected end-of-input, expecting end
app/controllers/users_controller.rb:6: syntax error, unexpected end-of-input, expecting end
Started GET "/users" for ::1 at 2022-09-05 20:52:42 -0400
Processing by UsersController#index as HTML
Completed 500 Internal Server Error in 4ms (Allocations: 2925)


  
NoMethodError (undefined method `All' for User (call 'User.connection' to establish a connection):Class):
  
app/controllers/users_controller.rb:4:in `index'
Started GET "/users" for ::1 at 2022-09-05 20:52:55 -0400
Processing by UsersController#index as HTML
  [1m[35m (0.1ms)[0m  [1m[34mSELECT sqlite_version(*)[0m
  ↳ app/controllers/users_controller.rb:5:in `index'
  [1m[36mUser Load (0.4ms)[0m  [1m[34mSELECT "users".* FROM "users"[0m
  ↳ app/controllers/users_controller.rb:5:in `index'
Completed 200 OK in 5ms (Views: 2.7ms | ActiveRecord: 0.7ms | Allocations: 1932)


  [1m[35m (0.4ms)[0m  [1m[34mSELECT sqlite_version(*)[0m
  [1m[35m (0.1ms)[0m  [1m[34mSELECT "schema_migrations"."version" FROM "schema_migrations" ORDER BY "schema_migrations"."version" ASC[0m
  [1m[35m (0.6ms)[0m  [1m[34mSELECT "ar_internal_metadata"."value" FROM "ar_internal_metadata" WHERE "ar_internal_metadata"."key" = ?[0m  [["key", "environment"]]
  [1m[35m (0.0ms)[0m  [1m[34mSELECT "schema_migrations"."version" FROM "schema_migrations" ORDER BY "schema_migrations"."version" ASC[0m
  [1m[35m (0.0ms)[0m  [1m[34mSELECT "ar_internal_metadata"."value" FROM "ar_internal_metadata" WHERE "ar_internal_metadata"."key" = ?[0m  [["key", "environment"]]
  [1m[35m (0.1ms)[0m  [1m[34mSELECT "schema_migrations"."version" FROM "schema_migrations" ORDER BY "schema_migrations"."version" ASC[0m
  [1m[35m (0.0ms)[0m  [1m[34mSELECT "ar_internal_metadata"."value" FROM "ar_internal_metadata" WHERE "ar_internal_metadata"."key" = ?[0m  [["key", "environment"]]
  [1m[35m (0.3ms)[0m  [1m[34mSELECT sqlite_version(*)[0m
  [1m[35m (1.0ms)[0m  [1m[35mCREATE TABLE "schema_migrations" ("version" varchar NOT NULL PRIMARY KEY)[0m
  [1m[35m (0.5ms)[0m  [1m[35mCREATE TABLE "ar_internal_metadata" ("key" varchar NOT NULL PRIMARY KEY, "value" varchar, "created_at" datetime(6) NOT NULL, "updated_at" datetime(6) NOT NULL)[0m
  [1m[35m (0.1ms)[0m  [1m[34mSELECT "schema_migrations"."version" FROM "schema_migrations" ORDER BY "schema_migrations"."version" ASC[0m
Migrating to CreateUsers (20220906003734)
  [1m[36mTRANSACTION (0.1ms)[0m  [1m[36mbegin transaction[0m
  [1m[35m (0.3ms)[0m  [1m[35mCREATE TABLE "users" ("id" integer PRIMARY KEY AUTOINCREMENT NOT NULL, "username" varchar, "name" varchar, "email" varchar, "password_digest" varchar, "birthday" varchar, "score" integer, "beer_drinker" boolean, "created_at" datetime(6) NOT NULL, "updated_at" datetime(6) NOT NULL)[0m
  [1m[36mActiveRecord::SchemaMigration Create (0.1ms)[0m  [1m[32mINSERT INTO "schema_migrations" ("version") VALUES (?)[0m  [["version", "20220906003734"]]
  [1m[36mTRANSACTION (0.3ms)[0m  [1m[36mcommit transaction[0m
  [1m[36mActiveRecord::InternalMetadata Load (0.6ms)[0m  [1m[34mSELECT "ar_internal_metadata".* FROM "ar_internal_metadata" WHERE "ar_internal_metadata"."key" = ? LIMIT ?[0m  [["key", "environment"], ["LIMIT", 1]]
  [1m[36mTRANSACTION (0.0ms)[0m  [1m[36mbegin transaction[0m
  [1m[36mActiveRecord::InternalMetadata Create (0.2ms)[0m  [1m[32mINSERT INTO "ar_internal_metadata" ("key", "value", "created_at", "updated_at") VALUES (?, ?, ?, ?)[0m  [["key", "environment"], ["value", "development"], ["created_at", "2022-09-06 00:53:14.366520"], ["updated_at", "2022-09-06 00:53:14.366520"]]
  [1m[36mTRANSACTION (0.3ms)[0m  [1m[36mcommit transaction[0m
  [1m[35m (0.0ms)[0m  [1m[34mSELECT sqlite_version(*)[0m
  [1m[35m (0.0ms)[0m  [1m[34mSELECT "schema_migrations"."version" FROM "schema_migrations" ORDER BY "schema_migrations"."version" ASC[0m
  [1m[35m (0.3ms)[0m  [1m[34mSELECT sqlite_version(*)[0m
  [1m[35m (0.1ms)[0m  [1m[34mSELECT "schema_migrations"."version" FROM "schema_migrations" ORDER BY "schema_migrations"."version" ASC[0m
  [1m[35m (0.0ms)[0m  [1m[34mSELECT sqlite_version(*)[0m
Started GET "/users" for ::1 at 2022-09-05 20:53:22 -0400
  [1m[35m (0.4ms)[0m  [1m[34mSELECT sqlite_version(*)[0m
  [1m[35m (0.1ms)[0m  [1m[34mSELECT "schema_migrations"."version" FROM "schema_migrations" ORDER BY "schema_migrations"."version" ASC[0m
Processing by UsersController#index as HTML
  [1m[36mUser Load (0.2ms)[0m  [1m[34mSELECT "users".* FROM "users"[0m
  ↳ app/controllers/users_controller.rb:5:in `index'
Completed 200 OK in 8ms (Views: 1.2ms | ActiveRecord: 0.2ms | Allocations: 3492)


Started GET "/users" for ::1 at 2022-09-05 20:53:24 -0400
Processing by UsersController#index as HTML
  [1m[36mUser Load (0.2ms)[0m  [1m[34mSELECT "users".* FROM "users"[0m
  ↳ app/controllers/users_controller.rb:5:in `index'
Completed 200 OK in 3ms (Views: 2.2ms | ActiveRecord: 0.2ms | Allocations: 633)


Started GET "/users" for ::1 at 2022-09-05 20:53:55 -0400
Processing by UsersController#index as HTML
  [1m[35m (0.1ms)[0m  [1m[34mSELECT sqlite_version(*)[0m
  ↳ app/controllers/users_controller.rb:5:in `index'
  [1m[36mUser Load (0.1ms)[0m  [1m[34mSELECT "users".* FROM "users"[0m
  ↳ app/controllers/users_controller.rb:5:in `index'
Completed 200 OK in 4ms (Views: 2.3ms | ActiveRecord: 0.4ms | Allocations: 1798)


  [1m[35m (0.4ms)[0m  [1m[34mSELECT sqlite_version(*)[0m
  [1m[35m (0.1ms)[0m  [1m[34mSELECT "schema_migrations"."version" FROM "schema_migrations" ORDER BY "schema_migrations"."version" ASC[0m
  [1m[35m (0.6ms)[0m  [1m[34mSELECT "ar_internal_metadata"."value" FROM "ar_internal_metadata" WHERE "ar_internal_metadata"."key" = ?[0m  [["key", "environment"]]
  [1m[35m (0.0ms)[0m  [1m[34mSELECT "schema_migrations"."version" FROM "schema_migrations" ORDER BY "schema_migrations"."version" ASC[0m
  [1m[35m (0.0ms)[0m  [1m[34mSELECT "ar_internal_metadata"."value" FROM "ar_internal_metadata" WHERE "ar_internal_metadata"."key" = ?[0m  [["key", "environment"]]
  [1m[35m (0.0ms)[0m  [1m[34mSELECT "schema_migrations"."version" FROM "schema_migrations" ORDER BY "schema_migrations"."version" ASC[0m
  [1m[35m (0.0ms)[0m  [1m[34mSELECT "ar_internal_metadata"."value" FROM "ar_internal_metadata" WHERE "ar_internal_metadata"."key" = ?[0m  [["key", "environment"]]
  [1m[35m (0.5ms)[0m  [1m[34mSELECT sqlite_version(*)[0m
  [1m[35m (0.9ms)[0m  [1m[35mCREATE TABLE "schema_migrations" ("version" varchar NOT NULL PRIMARY KEY)[0m
  [1m[35m (0.4ms)[0m  [1m[35mCREATE TABLE "ar_internal_metadata" ("key" varchar NOT NULL PRIMARY KEY, "value" varchar, "created_at" datetime(6) NOT NULL, "updated_at" datetime(6) NOT NULL)[0m
  [1m[35m (0.1ms)[0m  [1m[34mSELECT "schema_migrations"."version" FROM "schema_migrations" ORDER BY "schema_migrations"."version" ASC[0m
Migrating to CreateUsers (20220906003734)
  [1m[36mTRANSACTION (0.0ms)[0m  [1m[36mbegin transaction[0m
  [1m[35m (0.2ms)[0m  [1m[35mCREATE TABLE "users" ("id" integer PRIMARY KEY AUTOINCREMENT NOT NULL, "username" varchar, "name" varchar, "email" varchar, "password_digest" varchar, "birthday" varchar, "score" integer, "beer_drinker" boolean, "created_at" datetime(6) NOT NULL, "updated_at" datetime(6) NOT NULL)[0m
  [1m[36mActiveRecord::SchemaMigration Create (0.1ms)[0m  [1m[32mINSERT INTO "schema_migrations" ("version") VALUES (?)[0m  [["version", "20220906003734"]]
  [1m[36mTRANSACTION (0.3ms)[0m  [1m[36mcommit transaction[0m
  [1m[36mActiveRecord::InternalMetadata Load (0.6ms)[0m  [1m[34mSELECT "ar_internal_metadata".* FROM "ar_internal_metadata" WHERE "ar_internal_metadata"."key" = ? LIMIT ?[0m  [["key", "environment"], ["LIMIT", 1]]
  [1m[36mTRANSACTION (0.0ms)[0m  [1m[36mbegin transaction[0m
  [1m[36mActiveRecord::InternalMetadata Create (0.2ms)[0m  [1m[32mINSERT INTO "ar_internal_metadata" ("key", "value", "created_at", "updated_at") VALUES (?, ?, ?, ?)[0m  [["key", "environment"], ["value", "development"], ["created_at", "2022-09-06 00:54:44.550889"], ["updated_at", "2022-09-06 00:54:44.550889"]]
  [1m[36mTRANSACTION (0.3ms)[0m  [1m[36mcommit transaction[0m
  [1m[35m (0.0ms)[0m  [1m[34mSELECT sqlite_version(*)[0m
  [1m[35m (0.0ms)[0m  [1m[34mSELECT "schema_migrations"."version" FROM "schema_migrations" ORDER BY "schema_migrations"."version" ASC[0m
  [1m[35m (0.5ms)[0m  [1m[34mSELECT sqlite_version(*)[0m
  [1m[35m (0.1ms)[0m  [1m[34mSELECT "schema_migrations"."version" FROM "schema_migrations" ORDER BY "schema_migrations"."version" ASC[0m
  [1m[35m (0.0ms)[0m  [1m[34mSELECT sqlite_version(*)[0m
Started GET "/users" for ::1 at 2022-09-05 20:55:07 -0400
  [1m[35m (0.3ms)[0m  [1m[34mSELECT sqlite_version(*)[0m
  [1m[35m (0.1ms)[0m  [1m[34mSELECT "schema_migrations"."version" FROM "schema_migrations" ORDER BY "schema_migrations"."version" ASC[0m
Processing by UsersController#index as HTML
  [1m[36mUser Load (0.1ms)[0m  [1m[34mSELECT "users".* FROM "users"[0m
  ↳ app/controllers/users_controller.rb:5:in `index'
Completed 200 OK in 13ms (Views: 9.3ms | ActiveRecord: 0.1ms | Allocations: 3555)


Started GET "/users" for ::1 at 2022-09-05 20:55:08 -0400
Processing by UsersController#index as HTML
  [1m[36mUser Load (0.5ms)[0m  [1m[34mSELECT "users".* FROM "users"[0m
  ↳ app/controllers/users_controller.rb:5:in `index'
Completed 200 OK in 5ms (Views: 3.7ms | ActiveRecord: 0.5ms | Allocations: 633)


Started GET "/users" for ::1 at 2022-09-05 20:56:31 -0400
Processing by UsersController#index as HTML
  [1m[35m (0.1ms)[0m  [1m[34mSELECT sqlite_version(*)[0m
  ↳ app/controllers/users_controller.rb:5:in `index'
  [1m[36mUser Load (0.2ms)[0m  [1m[34mSELECT "users".* FROM "users"[0m
  ↳ app/controllers/users_controller.rb:5:in `index'
Completed 200 OK in 74996ms (Views: 0.5ms | ActiveRecord: 0.8ms | Allocations: 30468)


  [1m[35m (0.5ms)[0m  [1m[34mSELECT sqlite_version(*)[0m
  [1m[35m (0.2ms)[0m  [1m[34mSELECT "schema_migrations"."version" FROM "schema_migrations" ORDER BY "schema_migrations"."version" ASC[0m
  [1m[35m (0.6ms)[0m  [1m[34mSELECT "ar_internal_metadata"."value" FROM "ar_internal_metadata" WHERE "ar_internal_metadata"."key" = ?[0m  [["key", "environment"]]
  [1m[35m (0.0ms)[0m  [1m[34mSELECT "schema_migrations"."version" FROM "schema_migrations" ORDER BY "schema_migrations"."version" ASC[0m
  [1m[35m (0.0ms)[0m  [1m[34mSELECT "ar_internal_metadata"."value" FROM "ar_internal_metadata" WHERE "ar_internal_metadata"."key" = ?[0m  [["key", "environment"]]
  [1m[35m (0.0ms)[0m  [1m[34mSELECT "schema_migrations"."version" FROM "schema_migrations" ORDER BY "schema_migrations"."version" ASC[0m
  [1m[35m (0.0ms)[0m  [1m[34mSELECT "ar_internal_metadata"."value" FROM "ar_internal_metadata" WHERE "ar_internal_metadata"."key" = ?[0m  [["key", "environment"]]
  [1m[35m (0.4ms)[0m  [1m[34mSELECT sqlite_version(*)[0m
  [1m[35m (6.6ms)[0m  [1m[35mCREATE TABLE "schema_migrations" ("version" varchar NOT NULL PRIMARY KEY)[0m
  [1m[35m (0.5ms)[0m  [1m[35mCREATE TABLE "ar_internal_metadata" ("key" varchar NOT NULL PRIMARY KEY, "value" varchar, "created_at" datetime(6) NOT NULL, "updated_at" datetime(6) NOT NULL)[0m
  [1m[35m (0.1ms)[0m  [1m[34mSELECT "schema_migrations"."version" FROM "schema_migrations" ORDER BY "schema_migrations"."version" ASC[0m
Migrating to CreateUsers (20220906003734)
  [1m[36mTRANSACTION (0.0ms)[0m  [1m[36mbegin transaction[0m
  [1m[35m (0.2ms)[0m  [1m[35mCREATE TABLE "users" ("id" integer PRIMARY KEY AUTOINCREMENT NOT NULL, "username" varchar, "name" varchar, "email" varchar, "password_digest" varchar, "birthday" varchar, "score" integer, "beer_drinker" boolean, "created_at" datetime(6) NOT NULL, "updated_at" datetime(6) NOT NULL)[0m
  [1m[36mActiveRecord::SchemaMigration Create (0.1ms)[0m  [1m[32mINSERT INTO "schema_migrations" ("version") VALUES (?)[0m  [["version", "20220906003734"]]
  [1m[36mTRANSACTION (0.5ms)[0m  [1m[36mcommit transaction[0m
  [1m[36mActiveRecord::InternalMetadata Load (0.6ms)[0m  [1m[34mSELECT "ar_internal_metadata".* FROM "ar_internal_metadata" WHERE "ar_internal_metadata"."key" = ? LIMIT ?[0m  [["key", "environment"], ["LIMIT", 1]]
  [1m[36mTRANSACTION (0.0ms)[0m  [1m[36mbegin transaction[0m
  [1m[36mActiveRecord::InternalMetadata Create (0.2ms)[0m  [1m[32mINSERT INTO "ar_internal_metadata" ("key", "value", "created_at", "updated_at") VALUES (?, ?, ?, ?)[0m  [["key", "environment"], ["value", "development"], ["created_at", "2022-09-06 00:57:57.351682"], ["updated_at", "2022-09-06 00:57:57.351682"]]
  [1m[36mTRANSACTION (0.3ms)[0m  [1m[36mcommit transaction[0m
  [1m[35m (0.0ms)[0m  [1m[34mSELECT sqlite_version(*)[0m
  [1m[35m (0.0ms)[0m  [1m[34mSELECT "schema_migrations"."version" FROM "schema_migrations" ORDER BY "schema_migrations"."version" ASC[0m
  [1m[35m (0.4ms)[0m  [1m[34mSELECT sqlite_version(*)[0m
  [1m[35m (0.1ms)[0m  [1m[34mSELECT "schema_migrations"."version" FROM "schema_migrations" ORDER BY "schema_migrations"."version" ASC[0m
  [1m[35m (0.0ms)[0m  [1m[34mSELECT sqlite_version(*)[0m
  [1m[35m (0.5ms)[0m  [1m[34mSELECT sqlite_version(*)[0m
  [1m[35m (0.1ms)[0m  [1m[34mSELECT "schema_migrations"."version" FROM "schema_migrations" ORDER BY "schema_migrations"."version" ASC[0m
  [1m[35m (0.6ms)[0m  [1m[34mSELECT "ar_internal_metadata"."value" FROM "ar_internal_metadata" WHERE "ar_internal_metadata"."key" = ?[0m  [["key", "environment"]]
  [1m[35m (0.0ms)[0m  [1m[34mSELECT "schema_migrations"."version" FROM "schema_migrations" ORDER BY "schema_migrations"."version" ASC[0m
  [1m[35m (0.0ms)[0m  [1m[34mSELECT "ar_internal_metadata"."value" FROM "ar_internal_metadata" WHERE "ar_internal_metadata"."key" = ?[0m  [["key", "environment"]]
  [1m[35m (0.1ms)[0m  [1m[34mSELECT "schema_migrations"."version" FROM "schema_migrations" ORDER BY "schema_migrations"."version" ASC[0m
  [1m[35m (0.0ms)[0m  [1m[34mSELECT "ar_internal_metadata"."value" FROM "ar_internal_metadata" WHERE "ar_internal_metadata"."key" = ?[0m  [["key", "environment"]]
  [1m[35m (0.4ms)[0m  [1m[34mSELECT sqlite_version(*)[0m
  [1m[35m (1.0ms)[0m  [1m[35mCREATE TABLE "schema_migrations" ("version" varchar NOT NULL PRIMARY KEY)[0m
  [1m[35m (0.5ms)[0m  [1m[35mCREATE TABLE "ar_internal_metadata" ("key" varchar NOT NULL PRIMARY KEY, "value" varchar, "created_at" datetime(6) NOT NULL, "updated_at" datetime(6) NOT NULL)[0m
  [1m[35m (0.1ms)[0m  [1m[34mSELECT "schema_migrations"."version" FROM "schema_migrations" ORDER BY "schema_migrations"."version" ASC[0m
Migrating to CreateUsers (20220906003734)
  [1m[36mTRANSACTION (0.0ms)[0m  [1m[36mbegin transaction[0m
  [1m[35m (0.2ms)[0m  [1m[35mCREATE TABLE "users" ("id" integer PRIMARY KEY AUTOINCREMENT NOT NULL, "username" varchar, "name" varchar, "email" varchar, "created_at" datetime(6) NOT NULL, "updated_at" datetime(6) NOT NULL)[0m
  [1m[36mActiveRecord::SchemaMigration Create (0.1ms)[0m  [1m[32mINSERT INTO "schema_migrations" ("version") VALUES (?)[0m  [["version", "20220906003734"]]
  [1m[36mTRANSACTION (0.3ms)[0m  [1m[36mcommit transaction[0m
  [1m[36mActiveRecord::InternalMetadata Load (0.6ms)[0m  [1m[34mSELECT "ar_internal_metadata".* FROM "ar_internal_metadata" WHERE "ar_internal_metadata"."key" = ? LIMIT ?[0m  [["key", "environment"], ["LIMIT", 1]]
  [1m[36mTRANSACTION (0.0ms)[0m  [1m[36mbegin transaction[0m
  [1m[36mActiveRecord::InternalMetadata Create (0.2ms)[0m  [1m[32mINSERT INTO "ar_internal_metadata" ("key", "value", "created_at", "updated_at") VALUES (?, ?, ?, ?)[0m  [["key", "environment"], ["value", "development"], ["created_at", "2022-09-06 00:58:48.243319"], ["updated_at", "2022-09-06 00:58:48.243319"]]
  [1m[36mTRANSACTION (0.3ms)[0m  [1m[36mcommit transaction[0m
  [1m[35m (0.0ms)[0m  [1m[34mSELECT sqlite_version(*)[0m
  [1m[35m (0.0ms)[0m  [1m[34mSELECT "schema_migrations"."version" FROM "schema_migrations" ORDER BY "schema_migrations"."version" ASC[0m
  [1m[35m (0.4ms)[0m  [1m[34mSELECT sqlite_version(*)[0m
  [1m[35m (0.1ms)[0m  [1m[34mSELECT "schema_migrations"."version" FROM "schema_migrations" ORDER BY "schema_migrations"."version" ASC[0m
  [1m[35m (0.0ms)[0m  [1m[34mSELECT sqlite_version(*)[0m
  [1m[35m (0.5ms)[0m  [1m[34mSELECT sqlite_version(*)[0m
  [1m[35m (0.1ms)[0m  [1m[34mSELECT "schema_migrations"."version" FROM "schema_migrations" ORDER BY "schema_migrations"."version" ASC[0m
  [1m[35m (0.0ms)[0m  [1m[34mSELECT sqlite_version(*)[0m
  [1m[35m (0.5ms)[0m  [1m[34mSELECT sqlite_version(*)[0m
  [1m[35m (0.8ms)[0m  [1m[34mSELECT "schema_migrations"."version" FROM "schema_migrations" ORDER BY "schema_migrations"."version" ASC[0m
  [1m[35m (0.0ms)[0m  [1m[34mSELECT sqlite_version(*)[0m
  [1m[36mTRANSACTION (0.0ms)[0m  [1m[36mbegin transaction[0m
  [1m[36mUser Create (1.4ms)[0m  [1m[32mINSERT INTO "users" ("username", "name", "email", "created_at", "updated_at") VALUES (?, ?, ?, ?, ?)[0m  [["username", "ChrisBaum89"], ["name", "Chris"], ["email", "c@gmail.com"], ["created_at", "2022-09-06 00:59:35.158801"], ["updated_at", "2022-09-06 00:59:35.158801"]]
  [1m[36mTRANSACTION (0.3ms)[0m  [1m[36mcommit transaction[0m
  [1m[36mTRANSACTION (0.2ms)[0m  [1m[36mbegin transaction[0m
  [1m[36mUser Create (0.8ms)[0m  [1m[32mINSERT INTO "users" ("username", "name", "email", "created_at", "updated_at") VALUES (?, ?, ?, ?, ?)[0m  [["username", "BritB90"], ["name", "Brit"], ["email", "b@gmail.com"], ["created_at", "2022-09-06 00:59:42.829503"], ["updated_at", "2022-09-06 00:59:42.829503"]]
  [1m[36mTRANSACTION (0.9ms)[0m  [1m[36mcommit transaction[0m
Started GET "/users" for ::1 at 2022-09-05 20:59:59 -0400
  [1m[35m (0.4ms)[0m  [1m[34mSELECT sqlite_version(*)[0m
  [1m[35m (0.1ms)[0m  [1m[34mSELECT "schema_migrations"."version" FROM "schema_migrations" ORDER BY "schema_migrations"."version" ASC[0m
Processing by UsersController#index as HTML
Started GET "/users" for ::1 at 2022-09-05 21:00:01 -0400
Processing by UsersController#index as HTML
  [1m[35m (0.1ms)[0m  [1m[34mSELECT sqlite_version(*)[0m
  ↳ app/controllers/users_controller.rb:6:in `index'
  [1m[36mUser Load (0.4ms)[0m  [1m[34mSELECT "users".* FROM "users"[0m
  ↳ app/controllers/users_controller.rb:6:in `index'
Completed 200 OK in 9583ms (Views: 36.1ms | ActiveRecord: 1.6ms | Allocations: 14555)


Started GET "/users" for ::1 at 2022-09-05 21:00:17 -0400
  [1m[36mUser Load (0.3ms)[0m  [1m[34mSELECT "users".* FROM "users"[0m
  ↳ app/controllers/users_controller.rb:6:in `index'
Completed 200 OK in 71069ms (Views: 2.1ms | ActiveRecord: 0.3ms | Allocations: 37461)


Processing by UsersController#index as HTML
  [1m[35m (0.1ms)[0m  [1m[34mSELECT sqlite_version(*)[0m
  ↳ app/controllers/users_controller.rb:5:in `index'
  [1m[36mUser Load (0.1ms)[0m  [1m[34mSELECT "users".* FROM "users"[0m
  ↳ app/controllers/users_controller.rb:5:in `index'
Completed 200 OK in 6ms (Views: 5.3ms | ActiveRecord: 0.7ms | Allocations: 5175)


  [1m[35m (0.5ms)[0m  [1m[34mSELECT sqlite_version(*)[0m
  [1m[35m (0.1ms)[0m  [1m[34mSELECT "schema_migrations"."version" FROM "schema_migrations" ORDER BY "schema_migrations"."version" ASC[0m
  [1m[35m (0.8ms)[0m  [1m[34mSELECT "ar_internal_metadata"."value" FROM "ar_internal_metadata" WHERE "ar_internal_metadata"."key" = ?[0m  [["key", "environment"]]
  [1m[35m (0.0ms)[0m  [1m[34mSELECT "schema_migrations"."version" FROM "schema_migrations" ORDER BY "schema_migrations"."version" ASC[0m
  [1m[35m (0.0ms)[0m  [1m[34mSELECT "ar_internal_metadata"."value" FROM "ar_internal_metadata" WHERE "ar_internal_metadata"."key" = ?[0m  [["key", "environment"]]
  [1m[35m (0.0ms)[0m  [1m[34mSELECT "schema_migrations"."version" FROM "schema_migrations" ORDER BY "schema_migrations"."version" ASC[0m
  [1m[35m (0.0ms)[0m  [1m[34mSELECT "ar_internal_metadata"."value" FROM "ar_internal_metadata" WHERE "ar_internal_metadata"."key" = ?[0m  [["key", "environment"]]
  [1m[35m (0.5ms)[0m  [1m[34mSELECT sqlite_version(*)[0m
  [1m[35m (0.6ms)[0m  [1m[35mCREATE TABLE "schema_migrations" ("version" varchar NOT NULL PRIMARY KEY)[0m
  [1m[35m (0.4ms)[0m  [1m[35mCREATE TABLE "ar_internal_metadata" ("key" varchar NOT NULL PRIMARY KEY, "value" varchar, "created_at" datetime(6) NOT NULL, "updated_at" datetime(6) NOT NULL)[0m
  [1m[35m (0.1ms)[0m  [1m[34mSELECT "schema_migrations"."version" FROM "schema_migrations" ORDER BY "schema_migrations"."version" ASC[0m
Migrating to CreateUsers (20220906003734)
  [1m[36mTRANSACTION (0.0ms)[0m  [1m[36mbegin transaction[0m
  [1m[35m (0.2ms)[0m  [1m[35mCREATE TABLE "users" ("id" integer PRIMARY KEY AUTOINCREMENT NOT NULL, "username" varchar, "name" varchar, "email" varchar, "created_at" datetime(6) NOT NULL, "updated_at" datetime(6) NOT NULL)[0m
  [1m[36mActiveRecord::SchemaMigration Create (0.1ms)[0m  [1m[32mINSERT INTO "schema_migrations" ("version") VALUES (?)[0m  [["version", "20220906003734"]]
  [1m[36mTRANSACTION (0.3ms)[0m  [1m[36mcommit transaction[0m
Migrating to CreateChildren (20220906010146)
  [1m[36mTRANSACTION (0.1ms)[0m  [1m[36mbegin transaction[0m
  [1m[35m (0.3ms)[0m  [1m[35mCREATE TABLE "children" ("id" integer PRIMARY KEY AUTOINCREMENT NOT NULL, "name" varchar, "birthday" varchar, "gender" varchar, "user_id" varchar, "created_at" datetime(6) NOT NULL, "updated_at" datetime(6) NOT NULL)[0m
  [1m[36mActiveRecord::SchemaMigration Create (0.1ms)[0m  [1m[32mINSERT INTO "schema_migrations" ("version") VALUES (?)[0m  [["version", "20220906010146"]]
  [1m[36mTRANSACTION (0.3ms)[0m  [1m[36mcommit transaction[0m
  [1m[36mActiveRecord::InternalMetadata Load (0.7ms)[0m  [1m[34mSELECT "ar_internal_metadata".* FROM "ar_internal_metadata" WHERE "ar_internal_metadata"."key" = ? LIMIT ?[0m  [["key", "environment"], ["LIMIT", 1]]
  [1m[36mTRANSACTION (0.0ms)[0m  [1m[36mbegin transaction[0m
  [1m[36mActiveRecord::InternalMetadata Create (0.2ms)[0m  [1m[32mINSERT INTO "ar_internal_metadata" ("key", "value", "created_at", "updated_at") VALUES (?, ?, ?, ?)[0m  [["key", "environment"], ["value", "development"], ["created_at", "2022-09-06 01:08:44.920311"], ["updated_at", "2022-09-06 01:08:44.920311"]]
  [1m[36mTRANSACTION (0.3ms)[0m  [1m[36mcommit transaction[0m
  [1m[35m (0.0ms)[0m  [1m[34mSELECT sqlite_version(*)[0m
  [1m[35m (0.0ms)[0m  [1m[34mSELECT "schema_migrations"."version" FROM "schema_migrations" ORDER BY "schema_migrations"."version" ASC[0m
  [1m[35m (0.5ms)[0m  [1m[34mSELECT sqlite_version(*)[0m
  [1m[35m (0.1ms)[0m  [1m[34mSELECT "schema_migrations"."version" FROM "schema_migrations" ORDER BY "schema_migrations"."version" ASC[0m
  [1m[35m (0.0ms)[0m  [1m[34mSELECT sqlite_version(*)[0m
  [1m[36mTRANSACTION (0.0ms)[0m  [1m[36mbegin transaction[0m
  [1m[36mUser Create (0.3ms)[0m  [1m[32mINSERT INTO "users" ("username", "name", "email", "created_at", "updated_at") VALUES (?, ?, ?, ?, ?)[0m  [["username", "ChrisBaum89"], ["name", "Chris"], ["email", "c@gmail.com"], ["created_at", "2022-09-06 01:08:47.593257"], ["updated_at", "2022-09-06 01:08:47.593257"]]
  [1m[36mTRANSACTION (0.3ms)[0m  [1m[36mcommit transaction[0m
  [1m[36mTRANSACTION (0.0ms)[0m  [1m[36mbegin transaction[0m
  [1m[36mUser Create (0.2ms)[0m  [1m[32mINSERT INTO "users" ("username", "name", "email", "created_at", "updated_at") VALUES (?, ?, ?, ?, ?)[0m  [["username", "BritB90"], ["name", "Brit"], ["email", "b@gmail.com"], ["created_at", "2022-09-06 01:08:47.596159"], ["updated_at", "2022-09-06 01:08:47.596159"]]
  [1m[36mTRANSACTION (0.2ms)[0m  [1m[36mcommit transaction[0m
  [1m[36mTRANSACTION (0.0ms)[0m  [1m[36mbegin transaction[0m
  [1m[36mUser Load (0.1ms)[0m  [1m[34mSELECT "users".* FROM "users" WHERE "users"."id" = ? LIMIT ?[0m  [["id", 1], ["LIMIT", 1]]
  [1m[36mChild Create (0.1ms)[0m  [1m[32mINSERT INTO "children" ("name", "birthday", "gender", "user_id", "created_at", "updated_at") VALUES (?, ?, ?, ?, ?, ?)[0m  [["name", "Steve"], ["birthday", "09/03/2018"], ["gender", "male"], ["user_id", "1"], ["created_at", "2022-09-06 01:08:47.610098"], ["updated_at", "2022-09-06 01:08:47.610098"]]
  [1m[36mTRANSACTION (0.2ms)[0m  [1m[36mcommit transaction[0m
  [1m[36mTRANSACTION (0.0ms)[0m  [1m[36mbegin transaction[0m
  [1m[36mUser Load (0.0ms)[0m  [1m[34mSELECT "users".* FROM "users" WHERE "users"."id" = ? LIMIT ?[0m  [["id", 1], ["LIMIT", 1]]
  [1m[36mChild Create (0.1ms)[0m  [1m[32mINSERT INTO "children" ("name", "birthday", "gender", "user_id", "created_at", "updated_at") VALUES (?, ?, ?, ?, ?, ?)[0m  [["name", "Owen"], ["birthday", "09/20/2019"], ["gender", "male"], ["user_id", "1"], ["created_at", "2022-09-06 01:08:47.612508"], ["updated_at", "2022-09-06 01:08:47.612508"]]
  [1m[36mTRANSACTION (0.2ms)[0m  [1m[36mcommit transaction[0m
  [1m[36mTRANSACTION (0.0ms)[0m  [1m[36mbegin transaction[0m
  [1m[36mUser Load (0.0ms)[0m  [1m[34mSELECT "users".* FROM "users" WHERE "users"."id" = ? LIMIT ?[0m  [["id", 2], ["LIMIT", 1]]
  [1m[36mChild Create (0.1ms)[0m  [1m[32mINSERT INTO "children" ("name", "birthday", "gender", "user_id", "created_at", "updated_at") VALUES (?, ?, ?, ?, ?, ?)[0m  [["name", "Stacey"], ["birthday", "03/20/2019"], ["gender", "female"], ["user_id", "2"], ["created_at", "2022-09-06 01:08:47.614689"], ["updated_at", "2022-09-06 01:08:47.614689"]]
  [1m[36mTRANSACTION (0.2ms)[0m  [1m[36mcommit transaction[0m
Started GET "/users" for ::1 at 2022-09-05 21:08:51 -0400
  [1m[35m (0.3ms)[0m  [1m[34mSELECT sqlite_version(*)[0m
  [1m[35m (0.1ms)[0m  [1m[34mSELECT "schema_migrations"."version" FROM "schema_migrations" ORDER BY "schema_migrations"."version" ASC[0m
Processing by UsersController#index as HTML
Completed 500 Internal Server Error in 7ms (ActiveRecord: 0.0ms | Allocations: 3960)


  
ArgumentError (child is not specified as a relationship on UserSerializer):
  
app/controllers/users_controller.rb:6:in `new'
app/controllers/users_controller.rb:6:in `index'
Started GET "/users" for ::1 at 2022-09-05 21:09:19 -0400
Processing by UsersController#index as HTML
Completed 500 Internal Server Error in 2ms (Allocations: 1205)


  
ArgumentError (child is not specified as a relationship on UserSerializer):
  
app/controllers/users_controller.rb:6:in `new'
app/controllers/users_controller.rb:6:in `index'
Started GET "/users" for ::1 at 2022-09-05 21:09:24 -0400
Processing by UsersController#index as HTML
  [1m[35m (0.1ms)[0m  [1m[34mSELECT sqlite_version(*)[0m
  ↳ app/controllers/users_controller.rb:6:in `index'
  [1m[36mUser Load (0.1ms)[0m  [1m[34mSELECT "users".* FROM "users"[0m
  ↳ app/controllers/users_controller.rb:6:in `index'
  [1m[35m (0.1ms)[0m  [1m[34mSELECT "children"."id" FROM "children" WHERE "children"."user_id" = ?[0m  [["user_id", "1"]]
  ↳ app/controllers/users_controller.rb:6:in `index'
Completed 500 Internal Server Error in 27ms (ActiveRecord: 1.3ms | Allocations: 13972)


  
NoMethodError (undefined method `child' for #<User:0x00007fc7364b0370>
Did you mean?  childs
               childs=):
  
app/controllers/users_controller.rb:6:in `index'
Started GET "/users" for ::1 at 2022-09-05 21:10:49 -0400
Processing by UsersController#index as HTML
Completed 500 Internal Server Error in 2ms (Allocations: 1149)


  
ArgumentError (childs is not specified as a relationship on UserSerializer):
  
app/controllers/users_controller.rb:6:in `new'
app/controllers/users_controller.rb:6:in `index'
Started GET "/users" for ::1 at 2022-09-05 21:10:58 -0400
Processing by UsersController#index as HTML
  [1m[35m (0.1ms)[0m  [1m[34mSELECT sqlite_version(*)[0m
  ↳ app/controllers/users_controller.rb:6:in `index'
  [1m[36mUser Load (0.1ms)[0m  [1m[34mSELECT "users".* FROM "users"[0m
  ↳ app/controllers/users_controller.rb:6:in `index'
  [1m[35m (0.1ms)[0m  [1m[34mSELECT "children"."id" FROM "children" WHERE "children"."user_id" = ?[0m  [["user_id", "1"]]
  ↳ app/controllers/users_controller.rb:6:in `index'
Completed 500 Internal Server Error in 20ms (ActiveRecord: 1.4ms | Allocations: 9827)


  
NoMethodError (undefined method `child' for #<User:0x00007fc72591e918>
Did you mean?  childs
               childs=):
  
app/controllers/users_controller.rb:6:in `index'
Started GET "/users" for ::1 at 2022-09-05 21:12:42 -0400
Processing by UsersController#index as HTML
Completed 500 Internal Server Error in 3ms (Allocations: 1196)


  
ArgumentError (child is not specified as a relationship on UserSerializer):
  
app/controllers/users_controller.rb:6:in `new'
app/controllers/users_controller.rb:6:in `index'
Started GET "/users" for ::1 at 2022-09-05 21:15:20 -0400
Processing by UsersController#index as HTML
Completed 500 Internal Server Error in 5ms (Allocations: 1225)


  
ArgumentError (child is not specified as a relationship on UserSerializer):
  
app/controllers/users_controller.rb:6:in `new'
app/controllers/users_controller.rb:6:in `index'
Started GET "/children" for ::1 at 2022-09-05 21:15:31 -0400
Processing by ChildrenController#index as HTML
  [1m[35m (0.2ms)[0m  [1m[34mSELECT sqlite_version(*)[0m
  ↳ app/controllers/children_controller.rb:5:in `index'
  [1m[36mChild Load (0.5ms)[0m  [1m[34mSELECT "children".* FROM "children"[0m
  ↳ app/controllers/children_controller.rb:5:in `index'
Completed 200 OK in 21ms (Views: 16.9ms | ActiveRecord: 2.4ms | Allocations: 6271)


Started GET "/users" for ::1 at 2022-09-05 21:16:43 -0400
Processing by UsersController#index as HTML
Completed 500 Internal Server Error in 0ms (ActiveRecord: 0.0ms | Allocations: 122)


  
ArgumentError (child is not specified as a relationship on UserSerializer):
  
app/controllers/users_controller.rb:6:in `new'
app/controllers/users_controller.rb:6:in `index'
Started GET "/users/1" for ::1 at 2022-09-05 21:20:04 -0400
Processing by UsersController#show as HTML
  Parameters: {"id"=>"1"}
  [1m[35m (0.1ms)[0m  [1m[34mSELECT sqlite_version(*)[0m
  ↳ app/controllers/users_controller.rb:10:in `show'
  [1m[36mUser Load (0.3ms)[0m  [1m[34mSELECT "users".* FROM "users" WHERE "users"."id" = ? LIMIT ?[0m  [["id", 1], ["LIMIT", 1]]
  ↳ app/controllers/users_controller.rb:10:in `show'
Completed 500 Internal Server Error in 16ms (ActiveRecord: 2.1ms | Allocations: 6633)


  
NoMethodError (undefined method `UserSerializer' for #<UsersController:0x007fc715814be0>
Did you mean?  users_url):
  
app/controllers/users_controller.rb:14:in `show'
Started GET "/users/1" for ::1 at 2022-09-05 21:21:50 -0400
Processing by UsersController#show as HTML
  Parameters: {"id"=>"1"}
  [1m[35m (0.1ms)[0m  [1m[34mSELECT sqlite_version(*)[0m
  ↳ app/controllers/users_controller.rb:10:in `show'
  [1m[36mUser Load (0.3ms)[0m  [1m[34mSELECT "users".* FROM "users" WHERE "users"."id" = ? LIMIT ?[0m  [["id", 1], ["LIMIT", 1]]
  ↳ app/controllers/users_controller.rb:10:in `show'
Completed 500 Internal Server Error in 10ms (ActiveRecord: 1.1ms | Allocations: 5473)


  
ArgumentError (child is not specified as a relationship on UserSerializer):
  
app/controllers/users_controller.rb:14:in `new'
app/controllers/users_controller.rb:14:in `show'
Started GET "/users/1" for ::1 at 2022-09-05 21:22:06 -0400
Processing by UsersController#show as HTML
  Parameters: {"id"=>"1"}
  [1m[35m (0.1ms)[0m  [1m[34mSELECT sqlite_version(*)[0m
  ↳ app/controllers/users_controller.rb:10:in `show'
  [1m[36mUser Load (0.1ms)[0m  [1m[34mSELECT "users".* FROM "users" WHERE "users"."id" = ? LIMIT ?[0m  [["id", 1], ["LIMIT", 1]]
  ↳ app/controllers/users_controller.rb:10:in `show'
  [1m[35m (0.1ms)[0m  [1m[34mSELECT "children"."id" FROM "children" WHERE "children"."user_id" = ?[0m  [["user_id", "1"]]
  ↳ app/controllers/users_controller.rb:14:in `show'
  [1m[36mChild Load (0.1ms)[0m  [1m[34mSELECT "children".* FROM "children" WHERE "children"."user_id" = ?[0m  [["user_id", "1"]]
  ↳ app/controllers/users_controller.rb:14:in `show'
Completed 200 OK in 18ms (Views: 8.4ms | ActiveRecord: 1.3ms | Allocations: 12062)


Started GET "/users" for ::1 at 2022-09-05 21:22:28 -0400
Processing by UsersController#index as HTML
Completed 500 Internal Server Error in 0ms (ActiveRecord: 0.0ms | Allocations: 122)


  
ArgumentError (child is not specified as a relationship on UserSerializer):
  
app/controllers/users_controller.rb:6:in `new'
app/controllers/users_controller.rb:6:in `index'
Started GET "/users" for ::1 at 2022-09-05 21:22:39 -0400
Processing by UsersController#index as HTML
  [1m[35m (0.1ms)[0m  [1m[34mSELECT sqlite_version(*)[0m
  ↳ app/controllers/users_controller.rb:6:in `index'
  [1m[36mUser Load (0.4ms)[0m  [1m[34mSELECT "users".* FROM "users"[0m
  ↳ app/controllers/users_controller.rb:6:in `index'
  [1m[35m (0.1ms)[0m  [1m[34mSELECT "children"."id" FROM "children" WHERE "children"."user_id" = ?[0m  [["user_id", "1"]]
  ↳ app/controllers/users_controller.rb:6:in `index'
  [1m[36mChild Load (0.1ms)[0m  [1m[34mSELECT "children".* FROM "children" WHERE "children"."user_id" = ?[0m  [["user_id", "1"]]
  ↳ app/controllers/users_controller.rb:6:in `index'
  [1m[35m (0.0ms)[0m  [1m[34mSELECT "children"."id" FROM "children" WHERE "children"."user_id" = ?[0m  [["user_id", "2"]]
  ↳ app/controllers/users_controller.rb:6:in `index'
  [1m[36mChild Load (0.0ms)[0m  [1m[34mSELECT "children".* FROM "children" WHERE "children"."user_id" = ?[0m  [["user_id", "2"]]
  ↳ app/controllers/users_controller.rb:6:in `index'
Completed 200 OK in 23ms (Views: 20.3ms | ActiveRecord: 1.7ms | Allocations: 13533)


